<?xml version="1.0" encoding="UTF-8" ?>
<testsuite tests="22" failures="0" name="com.siot.IamportRestClient.IamportRestTest" time="6.402" errors="0" skipped="0">
  <properties>
    <property name="java.runtime.name" value="Java(TM) SE Runtime Environment"/>
    <property name="sun.boot.library.path" value="C:\Program Files\Java\jdk1.8.0_251\jre\bin"/>
    <property name="java.vm.version" value="25.251-b08"/>
    <property name="java.vm.vendor" value="Oracle Corporation"/>
    <property name="maven.multiModuleProjectDirectory" value="C:\Users\LeeKyuSung\git\cs453_cw3"/>
    <property name="java.vendor.url" value="http://java.oracle.com/"/>
    <property name="path.separator" value=";"/>
    <property name="guice.disable.misplaced.annotation.check" value="true"/>
    <property name="java.vm.name" value="Java HotSpot(TM) 64-Bit Server VM"/>
    <property name="file.encoding.pkg" value="sun.io"/>
    <property name="user.script" value=""/>
    <property name="user.country" value="KR"/>
    <property name="sun.java.launcher" value="SUN_STANDARD"/>
    <property name="sun.os.patch.level" value=""/>
    <property name="java.vm.specification.name" value="Java Virtual Machine Specification"/>
    <property name="user.dir" value="C:\Users\LeeKyuSung\git\cs453_cw3"/>
    <property name="java.runtime.version" value="1.8.0_251-b08"/>
    <property name="java.awt.graphicsenv" value="sun.awt.Win32GraphicsEnvironment"/>
    <property name="java.endorsed.dirs" value="C:\Program Files\Java\jdk1.8.0_251\jre\lib\endorsed"/>
    <property name="os.arch" value="amd64"/>
    <property name="java.io.tmpdir" value="C:\Users\LEEKYU~1\AppData\Local\Temp\"/>
    <property name="line.separator" value="
"/>
    <property name="java.vm.specification.vendor" value="Oracle Corporation"/>
    <property name="user.variant" value=""/>
    <property name="os.name" value="Windows 10"/>
    <property name="classworlds.conf" value="C:\Users\LeeKyuSung\eclipse-workspace\.metadata\.plugins\org.eclipse.m2e.launching\launches\m2conf6423994380389783206.tmp"/>
    <property name="sun.jnu.encoding" value="MS949"/>
    <property name="java.library.path" value="C:\Program Files\Java\jdk1.8.0_251\bin;C:\WINDOWS\Sun\Java\bin;C:\WINDOWS\system32;C:\WINDOWS;C:/Program Files/Java/jre1.8.0_251/bin/server;C:/Program Files/Java/jre1.8.0_251/bin;C:/Program Files/Java/jre1.8.0_251/lib/amd64;C:\Program Files (x86)\Common Files\Oracle\Java\javapath;C:\WINDOWS\system32;C:\WINDOWS;C:\WINDOWS\System32\Wbem;C:\WINDOWS\System32\WindowsPowerShell\v1.0\;C:\WINDOWS\System32\OpenSSH\;C:\Program Files (x86)\NVIDIA Corporation\PhysX\Common;C:\Program Files\NVIDIA Corporation\NVIDIA NvDLISR;C:\Program Files\Java\jdk1.8.0_251\bin;C:\Users\LeeKyuSung\AppData\Local\Microsoft\WindowsApps;;C:\Users\LeeKyuSung\Desktop;;."/>
    <property name="java.specification.name" value="Java Platform API Specification"/>
    <property name="java.class.version" value="52.0"/>
    <property name="sun.management.compiler" value="HotSpot 64-Bit Tiered Compilers"/>
    <property name="os.version" value="10.0"/>
    <property name="user.home" value="C:\Users\LeeKyuSung"/>
    <property name="user.timezone" value="Asia/Seoul"/>
    <property name="java.awt.printerjob" value="sun.awt.windows.WPrinterJob"/>
    <property name="java.specification.version" value="1.8"/>
    <property name="file.encoding" value="UTF-8"/>
    <property name="user.name" value="LeeKyuSung"/>
    <property name="java.class.path" value="C:\Users\LeeKyuSung\.p2\pool\plugins\org.eclipse.m2e.maven.runtime_1.15.0.20200310-1832\jars\plexus-classworlds-2.6.0.jar"/>
    <property name="java.vm.specification.version" value="1.8"/>
    <property name="sun.arch.data.model" value="64"/>
    <property name="java.home" value="C:\Program Files\Java\jdk1.8.0_251\jre"/>
    <property name="sun.java.command" value="org.codehaus.plexus.classworlds.launcher.Launcher -B install"/>
    <property name="java.specification.vendor" value="Oracle Corporation"/>
    <property name="user.language" value="ko"/>
    <property name="awt.toolkit" value="sun.awt.windows.WToolkit"/>
    <property name="java.vm.info" value="mixed mode"/>
    <property name="java.version" value="1.8.0_251"/>
    <property name="java.ext.dirs" value="C:\Program Files\Java\jdk1.8.0_251\jre\lib\ext;C:\WINDOWS\Sun\Java\lib\ext"/>
    <property name="sun.boot.class.path" value="C:\Program Files\Java\jdk1.8.0_251\jre\lib\resources.jar;C:\Program Files\Java\jdk1.8.0_251\jre\lib\rt.jar;C:\Program Files\Java\jdk1.8.0_251\jre\lib\sunrsasign.jar;C:\Program Files\Java\jdk1.8.0_251\jre\lib\jsse.jar;C:\Program Files\Java\jdk1.8.0_251\jre\lib\jce.jar;C:\Program Files\Java\jdk1.8.0_251\jre\lib\charsets.jar;C:\Program Files\Java\jdk1.8.0_251\jre\lib\jfr.jar;C:\Program Files\Java\jdk1.8.0_251\jre\classes"/>
    <property name="java.vendor" value="Oracle Corporation"/>
    <property name="maven.home" value="C:\Users\LeeKyuSung\git\cs453_cw3\EMBEDDED"/>
    <property name="file.separator" value="\"/>
    <property name="java.vendor.url.bug" value="http://bugreport.sun.com/bugreport/"/>
    <property name="sun.cpu.endian" value="little"/>
    <property name="sun.io.unicode.encoding" value="UnicodeLittle"/>
    <property name="sun.desktop" value="windows"/>
    <property name="sun.cpu.isalist" value="amd64"/>
  </properties>
  <testcase classname="com.siot.IamportRestClient.IamportRestTest" name="testCancelVbankPaymentAlreadyCancelledImpUid" time="0.615"/>
  <testcase classname="com.siot.IamportRestClient.IamportRestTest" name="testGetToken" time="0.105"/>
  <testcase classname="com.siot.IamportRestClient.IamportRestTest" name="testPaymentBalanceByImpUid" time="0.174"/>
  <testcase classname="com.siot.IamportRestClient.IamportRestTest" name="testNaverRequestReturnOrders" time="0.29"/>
  <testcase classname="com.siot.IamportRestClient.IamportRestTest" name="testNaverApproveReturnOrders" time="0.251"/>
  <testcase classname="com.siot.IamportRestClient.IamportRestTest" name="testCancelPaymentAlreadyCancelledImpUid" time="0.37"/>
  <testcase classname="com.siot.IamportRestClient.IamportRestTest" name="testNaverRejectReturnOrders" time="0.263"/>
  <testcase classname="com.siot.IamportRestClient.IamportRestTest" name="testPaycoUpdateOrderStatus" time="0.29"/>
  <testcase classname="com.siot.IamportRestClient.IamportRestTest" name="testCancelPaymentAlreadyCancelledMerchantUid" time="0.368"/>
  <testcase classname="com.siot.IamportRestClient.IamportRestTest" name="testPartialCancelVbankPaymentAlreadyCancelledMerchantUid" time="0.179"/>
  <testcase classname="com.siot.IamportRestClient.IamportRestTest" name="testNaverCancelOrders" time="0.218"/>
  <testcase classname="com.siot.IamportRestClient.IamportRestTest" name="testCertificationByImpUid" time="0.155"/>
  <testcase classname="com.siot.IamportRestClient.IamportRestTest" name="testNaverProductOrders" time="0.226"/>
  <testcase classname="com.siot.IamportRestClient.IamportRestTest" name="testPostEscrowLogis" time="0.387"/>
  <testcase classname="com.siot.IamportRestClient.IamportRestTest" name="testPaymentByImpUid" time="0.234"/>
  <testcase classname="com.siot.IamportRestClient.IamportRestTest" name="testPaymentsByStatusAll" time="0.628"/>
  <testcase classname="com.siot.IamportRestClient.IamportRestTest" name="testNaverWithholdReturnOrders" time="0.255"/>
  <testcase classname="com.siot.IamportRestClient.IamportRestTest" name="testNaverShippingOrders" time="0.245"/>
  <testcase classname="com.siot.IamportRestClient.IamportRestTest" name="testGetBillingCustomer" time="0.153"/>
  <testcase classname="com.siot.IamportRestClient.IamportRestTest" name="testPartialCancelPaymentAlreadyCancelledImpUid" time="0.388"/>
  <testcase classname="com.siot.IamportRestClient.IamportRestTest" name="testNaverResolveReturnOrders" time="0.209"/>
  <testcase classname="com.siot.IamportRestClient.IamportRestTest" name="testPartialCancelPaymentAlreadyCancelledMerchantUid" time="0.399"/>
</testsuite>